<?xml version="1.0" encoding="UTF-8"?>
<testng-results ignored="0" total="1" passed="1" failed="0" skipped="0">
  <reporter-output>
    <line>
      <![CDATA[Sample class executed]]>
    </line>
  </reporter-output>
  <suite started-at="2024-07-26T12:03:17 IST" name="Default suite" finished-at="2024-07-26T12:03:17 IST" duration-ms="38">
    <groups>
    </groups>
    <test started-at="2024-07-26T12:03:17 IST" name="Default test" finished-at="2024-07-26T12:03:17 IST" duration-ms="38">
      <class name="demo.Sample">
        <test-method signature="demo()[pri:0, instance:demo.Sample@8f4ea7c]" started-at="2024-07-26T12:03:17 IST" name="demo" finished-at="2024-07-26T12:03:17 IST" duration-ms="8" status="PASS">
          <reporter-output>
            <line>
              <![CDATA[Sample class executed]]>
            </line>
          </reporter-output>
        </test-method> <!-- demo -->
      </class> <!-- demo.Sample -->
    </test> <!-- Default test -->
  </suite> <!-- Default suite -->
</testng-results>
